<?xml version="1.0" encoding="UTF-8"?>
<!-- Generated by org.testng.reporters.JUnitXMLReporter -->
<testsuite hostname="AA-PC" ignored="0" name="chrome" tests="7" failures="0" timestamp="2020-03-01T12:35:09 IST" time="0.101" errors="0">
  <testcase name="tc001" time="0.012" classname="framework.Testng.BeforeTest_and_AfterTest.TestSuite1"/>
  <testcase name="tc002" time="0.002" classname="framework.Testng.BeforeTest_and_AfterTest.TestSuite1"/>
  <testcase name="tc003" time="0.009" classname="framework.Testng.BeforeTest_and_AfterTest.TestSuite1"/>
  <testcase name="tc004" time="0.004" classname="framework.Testng.BeforeTest_and_AfterTest.TestSuite2"/>
  <testcase name="tc005" time="0.002" classname="framework.Testng.BeforeTest_and_AfterTest.TestSuite2"/>
  <testcase name="tc006" time="0.002" classname="framework.Testng.BeforeTest_and_AfterTest.TestSuite2"/>
  <testcase name="login" time="0.003" classname="framework.Testng.BeforeTest_and_AfterTest.Test_for_Chrome"/>
</testsuite> <!-- chrome -->
