<?xml version="1.0" encoding="UTF-8"?>
<!-- Generated by org.testng.reporters.JUnitXMLReporter -->
<testsuite hostname="AA-PC" ignored="0" name="Test_chrome" tests="6" failures="0" timestamp="2020-03-02T12:09:06 IST" time="29.733" errors="0">
  <testcase name="launchBrowser" time="3.504" classname="framework.Testng.CrossBrowser.CrossBrowser_Test"/>
  <testcase name="launchBrowser" time="7.496" classname="framework.Testng.CrossBrowser.CrossBrowser_Test"/>
  <testcase name="loadApp" time="10.143" classname="framework.Testng.CrossBrowser.CrossBrowser_Test"/>
  <testcase name="loadApp" time="9.725" classname="framework.Testng.CrossBrowser.CrossBrowser_Test"/>
  <testcase name="flight_search" time="10.629" classname="framework.Testng.CrossBrowser.CrossBrowser_Test"/>
  <testcase name="closeBrowser" time="5.403" classname="framework.Testng.CrossBrowser.CrossBrowser_Test"/>
</testsuite> <!-- Test_chrome -->
