<?xml version="1.0" encoding="UTF-8"?>
<!-- Generated by org.testng.reporters.JUnitXMLReporter -->
<testsuite hostname="AA-PC" ignored="0" name="test1" tests="4" failures="0" timestamp="2020-03-02T11:55:59 IST" time="15.497" errors="0">
  <testcase name="launch_browser" time="10.155" classname="framework.Testng.Suite_Parameter.Get_Parameters_From_Suite"/>
  <testcase name="loadWebpage" time="5.085" classname="framework.Testng.Suite_Parameter.Get_Parameters_From_Suite"/>
  <testcase name="User_login" time="0.119" classname="framework.Testng.Suite_Parameter.Get_Parameters_From_Suite"/>
  <testcase name="User_registration" time="0.084" classname="framework.Testng.Suite_Parameter.Get_Parameters_From_Suite"/>
</testsuite> <!-- test1 -->
