<?xml version="1.0" encoding="UTF-8"?>
<testng-results skipped="0" failed="0" ignored="1" total="5" passed="4">
  <reporter-output>
  </reporter-output>
  <suite name="Default suite" duration-ms="110" started-at="2020-03-02T12:46:22 IST" finished-at="2020-03-02T12:46:22 IST">
    <groups>
    </groups>
    <test name="Default test" duration-ms="110" started-at="2020-03-02T12:46:22 IST" finished-at="2020-03-02T12:46:22 IST">
      <class name="framework.Testng.DataProvider.DP_InputData">
        <test-method status="PASS" signature="get_user_info(java.lang.String, java.lang.String, java.lang.String)[pri:0, instance:framework.Testng.DataProvider.DP_InputData@35d176f7]" name="get_user_info" duration-ms="0" started-at="2020-03-02T12:46:22 IST" data-provider="User_info" finished-at="2020-03-02T12:46:22 IST">
          <params>
            <param index="0">
              <value>
                <![CDATA[user1]]>
              </value>
            </param>
            <param index="1">
              <value>
                <![CDATA[100]]>
              </value>
            </param>
            <param index="2">
              <value>
                <![CDATA[user1@gmail.com]]>
              </value>
            </param>
          </params>
          <reporter-output>
          </reporter-output>
        </test-method> <!-- get_user_info -->
        <test-method status="PASS" signature="get_user_info(java.lang.String, java.lang.String, java.lang.String)[pri:0, instance:framework.Testng.DataProvider.DP_InputData@35d176f7]" name="get_user_info" duration-ms="0" started-at="2020-03-02T12:46:22 IST" data-provider="User_info" finished-at="2020-03-02T12:46:22 IST">
          <params>
            <param index="0">
              <value>
                <![CDATA[user2]]>
              </value>
            </param>
            <param index="1">
              <value>
                <![CDATA[101]]>
              </value>
            </param>
            <param index="2">
              <value>
                <![CDATA[user2@gmail.com]]>
              </value>
            </param>
          </params>
          <reporter-output>
          </reporter-output>
        </test-method> <!-- get_user_info -->
        <test-method status="PASS" signature="get_user_info(java.lang.String, java.lang.String, java.lang.String)[pri:0, instance:framework.Testng.DataProvider.DP_InputData@35d176f7]" name="get_user_info" duration-ms="0" started-at="2020-03-02T12:46:22 IST" data-provider="User_info" finished-at="2020-03-02T12:46:22 IST">
          <params>
            <param index="0">
              <value>
                <![CDATA[user4]]>
              </value>
            </param>
            <param index="1">
              <value>
                <![CDATA[103]]>
              </value>
            </param>
            <param index="2">
              <value>
                <![CDATA[user4@gmail.com]]>
              </value>
            </param>
          </params>
          <reporter-output>
          </reporter-output>
        </test-method> <!-- get_user_info -->
        <test-method status="PASS" signature="get_user_info(java.lang.String, java.lang.String, java.lang.String)[pri:0, instance:framework.Testng.DataProvider.DP_InputData@35d176f7]" name="get_user_info" duration-ms="0" started-at="2020-03-02T12:46:22 IST" data-provider="User_info" finished-at="2020-03-02T12:46:22 IST">
          <params>
            <param index="0">
              <value>
                <![CDATA[user3]]>
              </value>
            </param>
            <param index="1">
              <value>
                <![CDATA[102]]>
              </value>
            </param>
            <param index="2">
              <value>
                <![CDATA[user3@gmail.com]]>
              </value>
            </param>
          </params>
          <reporter-output>
          </reporter-output>
        </test-method> <!-- get_user_info -->
      </class> <!-- framework.Testng.DataProvider.DP_InputData -->
    </test> <!-- Default test -->
  </suite> <!-- Default suite -->
</testng-results>
