<?xml version="1.0" encoding="UTF-8"?>
<testng-results skipped="0" failed="0" ignored="1" total="2" passed="1">
  <reporter-output>
    <line>
      <![CDATA[tc001 executed]]>
    </line>
  </reporter-output>
  <suite name="Default suite" duration-ms="54" started-at="2020-02-28T12:53:40 IST" finished-at="2020-02-28T12:53:41 IST">
    <groups>
    </groups>
    <test name="Default test" duration-ms="54" started-at="2020-02-28T12:53:40 IST" finished-at="2020-02-28T12:53:41 IST">
      <class name="framework.Testng.Ignore_Method_Execution">
        <test-method status="PASS" signature="tc001()[pri:0, instance:framework.Testng.Ignore_Method_Execution@578486a3]" name="tc001" duration-ms="12" started-at="2020-02-28T12:53:41 IST" finished-at="2020-02-28T12:53:41 IST">
          <reporter-output>
            <line>
              <![CDATA[tc001 executed]]>
            </line>
          </reporter-output>
        </test-method> <!-- tc001 -->
      </class> <!-- framework.Testng.Ignore_Method_Execution -->
    </test> <!-- Default test -->
  </suite> <!-- Default suite -->
</testng-results>
