<?xml version="1.0" encoding="UTF-8"?>
<!-- Generated by org.testng.reporters.JUnitXMLReporter -->
<testsuite hostname="AA-PC" ignored="0" name="chrome_test" tests="12" failures="0" timestamp="2020-03-01T11:46:22 IST" time="41.545" errors="0">
  <testcase name="tc007" time="0.014" classname="framework.Testng.TestSuite.Class3"/>
  <testcase name="tc008" time="0.001" classname="framework.Testng.TestSuite.Class3"/>
  <testcase name="tc009" time="0.003" classname="framework.Testng.TestSuite.Class3"/>
  <testcase name="tc001" time="0.001" classname="framework.Testng.TestSuite.Class1"/>
  <testcase name="tc002" time="0.001" classname="framework.Testng.TestSuite.Class1"/>
  <testcase name="tc003" time="0.001" classname="framework.Testng.TestSuite.Class1"/>
  <testcase name="tc004" time="0.001" classname="framework.Testng.TestSuite.Class2"/>
  <testcase name="tc005" time="0.002" classname="framework.Testng.TestSuite.Class2"/>
  <testcase name="tc006" time="0.009" classname="framework.Testng.TestSuite.Class2"/>
  <testcase name="Verify_Messenger_Footer_link" time="4.123" classname="framework.Testng.Testng_WebDriver_TestCase"/>
  <testcase name="Verify_SignIn_Footer_link" time="1.821" classname="framework.Testng.Testng_WebDriver_TestCase"/>
  <testcase name="Verify_Signup_Footer_link" time="3.193" classname="framework.Testng.Testng_WebDriver_TestCase"/>
</testsuite> <!-- chrome_test -->
