<?xml version="1.0" encoding="UTF-8"?>
<!-- Generated by org.testng.reporters.JUnitXMLReporter -->
<testsuite hostname="AA-PC" ignored="1" name="Default test" tests="4" failures="0" timestamp="2020-03-02T12:46:22 IST" time="0.11" errors="0">
  <testcase name="get_user_info" time="0.0" classname="framework.Testng.DataProvider.DP_InputData"/>
  <testcase name="get_user_info" time="0.0" classname="framework.Testng.DataProvider.DP_InputData"/>
  <testcase name="get_user_info" time="0.0" classname="framework.Testng.DataProvider.DP_InputData"/>
  <testcase name="get_user_info" time="0.0" classname="framework.Testng.DataProvider.DP_InputData"/>
  <testcase name="test" time="0.0" classname="framework.Testng.DataProvider.DP_InputData">
    <ignored/>
  </testcase> <!-- test -->
</testsuite> <!-- Default test -->
