<?xml version="1.0" encoding="UTF-8"?>
<!-- Generated by org.testng.reporters.JUnitXMLReporter -->
<testsuite hostname="AA-PC" ignored="1" name="Default test" tests="1" failures="0" timestamp="2020-02-28T12:53:41 IST" time="0.054" errors="0">
  <testcase name="tc001" time="0.012" classname="framework.Testng.Ignore_Method_Execution"/>
  <testcase name="tc002" time="0.0" classname="framework.Testng.Ignore_Method_Execution">
    <ignored/>
  </testcase> <!-- tc002 -->
</testsuite> <!-- Default test -->
